TN:
SF:c:\DEV\Alexa\skill-coffee-recipes\lambda\custom\constants.js
FNF:0
FNH:0
DA:1,1
LF:1
LH:1
BRF:0
BRH:0
end_of_record
TN:
SF:c:\DEV\Alexa\skill-coffee-recipes\lambda\custom\customIntentHandlers.js
FNF:0
FNH:0
DA:1,1
DA:2,1
DA:3,1
DA:4,1
DA:6,1
DA:8,0
DA:11,0
DA:15,1
DA:17,0
DA:20,0
DA:24,1
DA:26,0
DA:29,0
DA:33,1
LF:14
LH:8
BRF:0
BRH:0
end_of_record
TN:
SF:c:\DEV\Alexa\skill-coffee-recipes\lambda\custom\defaultIntentHandlers.js
FNF:0
FNH:0
DA:1,1
DA:2,1
DA:3,1
DA:4,1
DA:6,1
DA:8,1
DA:11,1
DA:15,1
DA:17,0
DA:20,0
DA:24,1
DA:26,0
DA:29,0
DA:33,1
DA:35,0
DA:38,0
DA:39,0
DA:43,1
DA:45,0
DA:48,0
DA:50,0
DA:57,1
LF:22
LH:12
BRF:0
BRH:0
end_of_record
TN:
SF:c:\DEV\Alexa\skill-coffee-recipes\lambda\custom\helpers.js
FNF:0
FNH:0
DA:1,1
DA:3,1
DA:4,1
DA:7,0
DA:8,0
DA:12,1
DA:13,1
DA:21,0
DA:28,0
DA:34,2
DA:35,2
DA:36,2
DA:37,2
DA:38,2
LF:14
LH:10
BRDA:8,0,0,0
BRDA:8,0,1,0
BRF:2
BRH:0
end_of_record
TN:
SF:c:\DEV\Alexa\skill-coffee-recipes\lambda\custom\index.js
FNF:0
FNH:0
DA:4,1
DA:5,1
DA:6,1
DA:11,1
DA:13,1
LF:5
LH:5
BRF:0
BRH:0
end_of_record
TN:
SF:c:\DEV\Alexa\skill-coffee-recipes\lambda\custom\intents.js
FNF:0
FNH:0
DA:1,1
LF:1
LH:1
BRF:0
BRH:0
end_of_record
TN:
SF:c:\DEV\Alexa\skill-coffee-recipes\lambda\custom\requests.js
FNF:0
FNH:0
DA:1,1
LF:1
LH:1
BRF:0
BRH:0
end_of_record
TN:
SF:c:\DEV\Alexa\skill-coffee-recipes\lambda\custom\data\recipes.js
FNF:0
FNH:0
DA:1,0
LF:1
LH:0
BRF:0
BRH:0
end_of_record
TN:
SF:c:\DEV\Alexa\skill-coffee-recipes\lambda\custom\fixtures\test_launch_request.js
FN:19,(anonymous_0)
FNF:1
FNH:0
FNDA:0,(anonymous_0)
DA:18,0
DA:20,0
LF:2
LH:0
BRF:0
BRH:0
end_of_record
TN:
SF:c:\DEV\Alexa\skill-coffee-recipes\lambda\custom\utils\assertion.js
FNF:0
FNH:0
DA:2,1
DA:3,1
DA:5,1
DA:7,1
DA:8,1
DA:9,1
DA:12,1
DA:13,1
DA:15,1
DA:16,1
DA:17,1
DA:18,1
DA:20,1
DA:22,1
DA:23,1
DA:27,0
DA:28,0
DA:30,0
DA:31,0
DA:32,0
DA:33,0
DA:35,0
DA:36,0
DA:37,0
DA:38,0
DA:43,0
DA:44,0
DA:46,0
DA:47,0
DA:48,0
DA:49,0
DA:51,0
DA:52,0
DA:53,0
DA:54,0
DA:58,1
DA:59,1
DA:60,1
DA:61,0
DA:63,1
DA:68,0
DA:69,0
DA:70,0
DA:71,0
DA:72,0
DA:76,0
DA:77,0
DA:79,0
DA:80,0
DA:81,0
DA:82,0
DA:83,0
DA:84,0
DA:85,0
DA:86,0
DA:91,0
DA:92,0
DA:93,0
DA:97,0
DA:98,0
DA:99,0
DA:101,0
DA:102,0
DA:103,0
DA:105,0
DA:106,0
DA:107,0
DA:108,0
DA:109,0
DA:110,0
DA:111,0
DA:112,0
DA:113,0
DA:114,0
DA:115,0
LF:75
LH:19
BRDA:60,0,0,0
BRDA:60,0,1,1
BRF:2
BRH:1
end_of_record
